2025-06-12 07:02:17,343 - INFO - Starting EVE Online Manufacturing Optimizer
2025-06-12 07:02:17,344 - INFO - Server is running at: http://127.0.0.1:5000
2025-06-12 07:02:17,344 - INFO - Opening web browser...
2025-06-12 07:02:17,410 - INFO - Instructions:
2025-06-12 07:02:17,411 - INFO - 1. Use the web interface to manage blueprints and materials
2025-06-12 07:02:17,411 - INFO - 2. Click 'Optimize Production' to calculate the most profitable manufacturing plan
2025-06-12 07:02:17,411 - INFO - 3. Press Ctrl+C in this terminal to stop the server
2025-06-12 07:02:17,416 - INFO - Serving on http://127.0.0.1:5000
2025-06-12 07:02:17,906 - INFO - Materials retrieved successfully
2025-06-12 07:02:17,931 - INFO - Blueprints retrieved successfully
2025-06-12 07:02:22,780 - DEBUG - Starting new HTTPS connection (1): login.eveonline.com:443
2025-06-12 07:02:22,942 - DEBUG - https://login.eveonline.com:443 "POST /v2/oauth/token HTTP/1.1" 200 None
2025-06-12 07:02:23,012 - DEBUG - Starting new HTTPS connection (1): esi.evetech.net:443
2025-06-12 07:02:23,338 - DEBUG - https://esi.evetech.net:443 "GET /verify HTTP/1.1" 200 251
2025-06-12 07:02:23,339 - DEBUG - Starting new HTTPS connection (1): esi.evetech.net:443
2025-06-12 07:02:23,697 - DEBUG - https://esi.evetech.net:443 "GET /latest/characters/2113289499/ HTTP/1.1" 200 643
2025-06-12 07:02:23,697 - INFO - Logged in as Nariod Naren — Access Token: eyJhbGciOiJSUzI1NiIsImtpZCI6IkpXVC1TaWduYXR1cmUtS2V5IiwidHlwIjoiSldUIn0.eyJzY3AiOiJlc2ktbWFya2V0cy5zdHJ1Y3R1cmVfbWFya2V0cy52MSIsImp0aSI6ImIyYzdlNDM0LWNlOTUtNDZiZS04OTJlLWU5N2VhOTE3ZDcyNSIsImtpZCI6IkpXVC1TaWduYXR1cmUtS2V5Iiwic3ViIjoiQ0hBUkFDVEVSOkVWRToyMTEzMjg5NDk5IiwiYXpwIjoiNzgzMTdiOGFiZWY4NDU0YmFmYzUzZTIwMzYzMWE5ODAiLCJ0ZW5hbnQiOiJ0cmFucXVpbGl0eSIsInRpZXIiOiJsaXZlIiwicmVnaW9uIjoid29ybGQiLCJhdWQiOlsiNzgzMTdiOGFiZWY4NDU0YmFmYzUzZTIwMzYzMWE5ODAiLCJFVkUgT25saW5lIl0sIm5hbWUiOiJOYXJpb2QgTmFyZW4iLCJvd25lciI6ImYzdGZ3NEE4VTdRRTVhcmZPeEkyR0NVdWJCVT0iLCJleHAiOjE3NDk3MjM3NTUsImlhdCI6MTc0OTcyMjU1NSwiaXNzIjoiaHR0cHM6Ly9sb2dpbi5ldmVvbmxpbmUuY29tIn0.fiB6-CjxyOc_kBMhU3bYUBl3qaMlJMJOGJhRdwtmoSh4lnpQ13CGEdekRE5iFL9hjI4OWQFR5igsQG0AdrzFXRsftHUmtKTuZ02TZ66VxpLiRyI9OIRjELEhhzKoGoKbNitw_k50S-wrKVZLtzEUNMut5LY0aDEVVwugwUh0Sm7Er8Qc03gj8lPPp0j0DunuxNlWly7DlOht4UcYgp_GVgFmRNXcU8FSF_hpjhopRhVJzmdE-L11MB44568sub4TroigVlMZDo9ewJFb2yi-Ial4wUYgx_rkJKJApsFyUWy1rSNZB3UP-1iMqLpUdgf7k_88FMiNI47XPg-6Kq_cOQ. Try not to share this.
2025-06-12 07:02:23,933 - INFO - Blueprints retrieved successfully
2025-06-12 07:02:23,954 - INFO - Materials retrieved successfully
2025-06-12 07:02:49,955 - DEBUG - Starting new HTTPS connection (1): esi.evetech.net:443
2025-06-12 07:02:49,956 - DEBUG - Starting new HTTPS connection (1): esi.evetech.net:443
2025-06-12 07:02:49,957 - DEBUG - Starting new HTTPS connection (1): esi.evetech.net:443
2025-06-12 07:02:49,959 - DEBUG - Starting new HTTPS connection (1): esi.evetech.net:443
2025-06-12 07:02:49,959 - DEBUG - Starting new HTTPS connection (1): esi.evetech.net:443
2025-06-12 07:02:49,960 - DEBUG - Starting new HTTPS connection (1): esi.evetech.net:443
2025-06-12 07:02:49,961 - DEBUG - Starting new HTTPS connection (1): esi.evetech.net:443
2025-06-12 07:02:49,963 - DEBUG - Starting new HTTPS connection (1): esi.evetech.net:443
2025-06-12 07:02:49,963 - DEBUG - Starting new HTTPS connection (1): esi.evetech.net:443
2025-06-12 07:02:49,967 - DEBUG - Starting new HTTPS connection (1): esi.evetech.net:443
2025-06-12 07:02:50,269 - DEBUG - https://esi.evetech.net:443 "GET /latest/markets/10000002/orders/?order_type=sell&type_id=34 HTTP/1.1" 200 None
2025-06-12 07:02:50,271 - INFO - Lowest sell price for type_id 34 (Tritanium) in Jita: 4.25
2025-06-12 07:02:50,273 - DEBUG - Starting new HTTPS connection (1): esi.evetech.net:443
2025-06-12 07:02:50,279 - DEBUG - https://esi.evetech.net:443 "GET /latest/markets/10000002/orders/?order_type=sell&type_id=16682 HTTP/1.1" 200 1088
2025-06-12 07:02:50,280 - INFO - Lowest sell price for type_id 16682 (Hypersynaptic Fibers) in Jita: 12050.0
2025-06-12 07:02:50,281 - DEBUG - https://esi.evetech.net:443 "GET /latest/markets/10000002/orders/?order_type=sell&type_id=35 HTTP/1.1" 200 1895
2025-06-12 07:02:50,282 - DEBUG - Starting new HTTPS connection (1): esi.evetech.net:443
2025-06-12 07:02:50,282 - INFO - Lowest sell price for type_id 35 (Pyerite) in Jita: 32.5
2025-06-12 07:02:50,283 - DEBUG - Starting new HTTPS connection (1): esi.evetech.net:443
2025-06-12 07:02:50,284 - DEBUG - https://esi.evetech.net:443 "GET /latest/markets/10000002/orders/?order_type=sell&type_id=39 HTTP/1.1" 200 None
2025-06-12 07:02:50,285 - DEBUG - https://esi.evetech.net:443 "GET /latest/markets/10000002/orders/?order_type=sell&type_id=36 HTTP/1.1" 200 None
2025-06-12 07:02:50,286 - DEBUG - https://esi.evetech.net:443 "GET /latest/markets/10000002/orders/?order_type=sell&type_id=37 HTTP/1.1" 200 None
2025-06-12 07:02:50,286 - INFO - Lowest sell price for type_id 39 (Zydrine) in Jita: 2190.0
2025-06-12 07:02:50,288 - INFO - Lowest sell price for type_id 36 (Mexallon) in Jita: 87.9
2025-06-12 07:02:50,288 - DEBUG - Starting new HTTPS connection (1): esi.evetech.net:443
2025-06-12 07:02:50,289 - INFO - Lowest sell price for type_id 37 (Isogen) in Jita: 376.4
2025-06-12 07:02:50,289 - DEBUG - Starting new HTTPS connection (1): esi.evetech.net:443
2025-06-12 07:02:50,290 - DEBUG - Starting new HTTPS connection (1): esi.evetech.net:443
2025-06-12 07:02:50,290 - DEBUG - https://esi.evetech.net:443 "GET /latest/markets/10000002/orders/?order_type=sell&type_id=38 HTTP/1.1" 200 None
2025-06-12 07:02:50,291 - INFO - Lowest sell price for type_id 38 (Nocxium) in Jita: 1250.0
2025-06-12 07:02:50,293 - DEBUG - Starting new HTTPS connection (1): esi.evetech.net:443
2025-06-12 07:02:50,298 - DEBUG - https://esi.evetech.net:443 "GET /latest/markets/10000002/orders/?order_type=sell&type_id=11541 HTTP/1.1" 200 None
2025-06-12 07:02:50,298 - DEBUG - https://esi.evetech.net:443 "GET /latest/markets/10000002/orders/?order_type=sell&type_id=40 HTTP/1.1" 200 1368
2025-06-12 07:02:50,299 - INFO - Lowest sell price for type_id 11541 (Photon Microprocessor) in Jita: 45210.0
2025-06-12 07:02:50,300 - INFO - Lowest sell price for type_id 40 (Megacyte) in Jita: 5170.0
2025-06-12 07:02:50,301 - DEBUG - Starting new HTTPS connection (1): esi.evetech.net:443
2025-06-12 07:02:50,301 - DEBUG - Starting new HTTPS connection (1): esi.evetech.net:443
2025-06-12 07:02:50,582 - DEBUG - https://esi.evetech.net:443 "GET /latest/markets/10000002/orders/?order_type=sell&type_id=11689 HTTP/1.1" 200 734
2025-06-12 07:02:50,583 - INFO - Lowest sell price for type_id 11689 (Laser Focusing Crystals) in Jita: 26080.0
2025-06-12 07:02:50,584 - DEBUG - Starting new HTTPS connection (1): esi.evetech.net:443
2025-06-12 07:02:50,597 - DEBUG - https://esi.evetech.net:443 "GET /latest/markets/10000002/orders/?order_type=sell&type_id=3689 HTTP/1.1" 200 623
2025-06-12 07:02:50,597 - INFO - Lowest sell price for type_id 3689 (Mechanical Parts) in Jita: 14290.0
2025-06-12 07:02:50,599 - DEBUG - Starting new HTTPS connection (1): esi.evetech.net:443
2025-06-12 07:02:50,611 - DEBUG - https://esi.evetech.net:443 "GET /latest/markets/10000002/orders/?order_type=sell&type_id=11399 HTTP/1.1" 200 None
2025-06-12 07:02:50,612 - INFO - Lowest sell price for type_id 11399 (Morphite) in Jita: 34550.0
2025-06-12 07:02:50,614 - DEBUG - Starting new HTTPS connection (1): esi.evetech.net:443
2025-06-12 07:02:50,616 - DEBUG - https://esi.evetech.net:443 "GET /latest/markets/10000002/orders/?order_type=sell&type_id=9840 HTTP/1.1" 200 963
2025-06-12 07:02:50,616 - INFO - Lowest sell price for type_id 9840 (Transmitter) in Jita: 13830.0
2025-06-12 07:02:50,617 - DEBUG - Starting new HTTPS connection (1): esi.evetech.net:443
2025-06-12 07:02:50,624 - DEBUG - https://esi.evetech.net:443 "GET /latest/markets/10000002/orders/?order_type=sell&type_id=11483 HTTP/1.1" 200 813
2025-06-12 07:02:50,626 - INFO - Lowest sell price for type_id 11483 (R.A.M.- Electronics) in Jita: 1564.0
2025-06-12 07:02:50,627 - DEBUG - Starting new HTTPS connection (1): esi.evetech.net:443
2025-06-12 07:02:50,634 - DEBUG - https://esi.evetech.net:443 "GET /latest/markets/10000002/orders/?order_type=sell&type_id=11482 HTTP/1.1" 200 332
2025-06-12 07:02:50,635 - INFO - Lowest sell price for type_id 11482 (R.A.M.- Energy Tech) in Jita: 1094.0
2025-06-12 07:02:50,635 - DEBUG - Starting new HTTPS connection (1): esi.evetech.net:443
2025-06-12 07:02:50,710 - DEBUG - https://esi.evetech.net:443 "GET /latest/markets/10000002/orders/?order_type=sell&type_id=3687 HTTP/1.1" 200 615
2025-06-12 07:02:50,711 - INFO - Lowest sell price for type_id 3687 (Electronic Parts) in Jita: 795.0
2025-06-12 07:02:50,712 - DEBUG - Starting new HTTPS connection (1): esi.evetech.net:443
2025-06-12 07:02:50,751 - DEBUG - https://esi.evetech.net:443 "GET /latest/markets/10000002/orders/?order_type=sell&type_id=18054 HTTP/1.1" 200 585
2025-06-12 07:02:50,752 - INFO - Lowest sell price for type_id 18054 (Mercoxit Asteroid Mining Crystal Type A I) in Jita: 1049000.0
2025-06-12 07:02:50,753 - DEBUG - Starting new HTTPS connection (1): esi.evetech.net:443
2025-06-12 07:02:50,756 - DEBUG - https://esi.evetech.net:443 "GET /latest/markets/10000002/orders/?order_type=sell&type_id=23527 HTTP/1.1" 200 1496
2025-06-12 07:02:50,757 - INFO - Lowest sell price for type_id 23527 (Drone Link Augmentor I) in Jita: 603500.0
2025-06-12 07:02:50,758 - DEBUG - Starting new HTTPS connection (1): esi.evetech.net:443
2025-06-12 07:02:50,761 - DEBUG - https://esi.evetech.net:443 "GET /latest/markets/10000002/orders/?order_type=sell&type_id=60313 HTTP/1.1" 200 978
2025-06-12 07:02:50,762 - INFO - Lowest sell price for type_id 60313 (Gas Cloud Harvester I) in Jita: 5768000.0
2025-06-12 07:02:50,763 - DEBUG - Starting new HTTPS connection (1): esi.evetech.net:443
2025-06-12 07:02:50,924 - DEBUG - https://esi.evetech.net:443 "GET /latest/markets/10000002/orders/?order_type=sell&type_id=11688 HTTP/1.1" 200 647
2025-06-12 07:02:50,925 - INFO - Lowest sell price for type_id 11688 (Particle Accelerator Unit) in Jita: 29720.0
2025-06-12 07:02:50,925 - INFO - Fetching structure orders at 1046831245129
2025-06-12 07:02:50,926 - DEBUG - Starting new HTTPS connection (1): esi.evetech.net:443
2025-06-12 07:02:50,951 - DEBUG - https://esi.evetech.net:443 "GET /latest/markets/10000002/orders/?order_type=sell&type_id=12108 HTTP/1.1" 200 941
2025-06-12 07:02:50,952 - INFO - Lowest sell price for type_id 12108 (Deep Core Mining Laser I) in Jita: 1242000.0
2025-06-12 07:02:50,953 - DEBUG - Starting new HTTPS connection (1): esi.evetech.net:443
2025-06-12 07:02:50,983 - DEBUG - https://esi.evetech.net:443 "GET /latest/markets/10000002/orders/?order_type=sell&type_id=60291 HTTP/1.1" 200 529
2025-06-12 07:02:50,984 - INFO - Lowest sell price for type_id 60291 (Variegated Asteroid Mining Crystal Type A I) in Jita: 348500.0
2025-06-12 07:02:50,985 - DEBUG - Starting new HTTPS connection (1): esi.evetech.net:443
2025-06-12 07:02:51,007 - DEBUG - https://esi.evetech.net:443 "GET /latest/markets/10000002/orders/?order_type=sell&type_id=60279 HTTP/1.1" 200 906
2025-06-12 07:02:51,009 - INFO - Lowest sell price for type_id 60279 (Simple Asteroid Mining Crystal Type B I) in Jita: 165000.0
2025-06-12 07:02:51,010 - DEBUG - Starting new HTTPS connection (1): esi.evetech.net:443
2025-06-12 07:02:51,012 - DEBUG - https://esi.evetech.net:443 "GET /latest/markets/10000002/orders/?order_type=sell&type_id=60297 HTTP/1.1" 200 1268
2025-06-12 07:02:51,013 - INFO - Lowest sell price for type_id 60297 (Complex Asteroid Mining Crystal Type A I) in Jita: 318900.0
2025-06-12 07:02:51,014 - INFO - Fetching structure orders at 1046831245129
2025-06-12 07:02:51,015 - DEBUG - Starting new HTTPS connection (1): esi.evetech.net:443
2025-06-12 07:02:51,070 - DEBUG - https://esi.evetech.net:443 "GET /latest/markets/10000002/orders/?order_type=sell&type_id=60298 HTTP/1.1" 200 690
2025-06-12 07:02:51,071 - INFO - Lowest sell price for type_id 60298 (Complex Asteroid Mining Crystal Type B I) in Jita: 834700.0
2025-06-12 07:02:51,071 - INFO - Fetching structure orders at 1046831245129
2025-06-12 07:02:51,072 - DEBUG - Starting new HTTPS connection (1): esi.evetech.net:443
2025-06-12 07:02:51,073 - DEBUG - https://esi.evetech.net:443 "GET /latest/markets/10000002/orders/?order_type=sell&type_id=60292 HTTP/1.1" 200 711
2025-06-12 07:02:51,073 - INFO - Lowest sell price for type_id 60292 (Variegated Asteroid Mining Crystal Type B I) in Jita: 714500.0
2025-06-12 07:02:51,074 - DEBUG - Starting new HTTPS connection (1): esi.evetech.net:443
2025-06-12 07:02:51,124 - DEBUG - https://esi.evetech.net:443 "GET /latest/markets/10000002/orders/?order_type=sell&type_id=60286 HTTP/1.1" 200 604
2025-06-12 07:02:51,125 - INFO - Lowest sell price for type_id 60286 (Coherent Asteroid Mining Crystal Type B I) in Jita: 421500.0
2025-06-12 07:02:51,125 - INFO - Fetching structure orders at 1046831245129
2025-06-12 07:02:51,126 - DEBUG - Starting new HTTPS connection (1): esi.evetech.net:443
2025-06-12 07:02:51,140 - DEBUG - https://esi.evetech.net:443 "GET /latest/markets/10000002/orders/?order_type=sell&type_id=60276 HTTP/1.1" 200 765
2025-06-12 07:02:51,141 - INFO - Lowest sell price for type_id 60276 (Simple Asteroid Mining Crystal Type A I) in Jita: 94990.0
2025-06-12 07:02:51,143 - DEBUG - Starting new HTTPS connection (1): esi.evetech.net:443
2025-06-12 07:02:51,160 - DEBUG - https://esi.evetech.net:443 "GET /latest/markets/10000002/orders/?order_type=sell&type_id=60285 HTTP/1.1" 200 1626
2025-06-12 07:02:51,161 - INFO - Lowest sell price for type_id 60285 (Coherent Asteroid Mining Crystal Type A I) in Jita: 92470.0
2025-06-12 07:02:51,162 - DEBUG - Starting new HTTPS connection (1): esi.evetech.net:443
2025-06-12 07:02:51,295 - DEBUG - https://esi.evetech.net:443 "GET /latest/markets/10000002/orders/?order_type=sell&type_id=33400 HTTP/1.1" 200 659
2025-06-12 07:02:51,296 - INFO - Lowest sell price for type_id 33400 (Bastion Module I) in Jita: 12180000.0
2025-06-12 07:02:51,297 - DEBUG - Starting new HTTPS connection (1): esi.evetech.net:443
2025-06-12 07:02:51,322 - DEBUG - https://esi.evetech.net:443 "GET /latest/markets/10000002/orders/?order_type=sell&type_id=44102 HTTP/1.1" 200 1153
2025-06-12 07:02:51,323 - INFO - Lowest sell price for type_id 44102 (Defender Launcher I) in Jita: 10100000.0
2025-06-12 07:02:51,325 - DEBUG - Starting new HTTPS connection (1): esi.evetech.net:443
2025-06-12 07:02:51,355 - DEBUG - https://esi.evetech.net:443 "GET /latest/markets/10000002/orders/?order_type=sell&type_id=24348 HTTP/1.1" 200 1125
2025-06-12 07:02:51,356 - INFO - Lowest sell price for type_id 24348 (Small Tractor Beam I) in Jita: 3495000.0
2025-06-12 07:02:51,357 - DEBUG - Starting new HTTPS connection (1): esi.evetech.net:443
2025-06-12 07:02:51,429 - DEBUG - https://esi.evetech.net:443 "GET /latest/markets/10000002/orders/?order_type=sell&type_id=22782 HTTP/1.1" 200 1315
2025-06-12 07:02:51,430 - INFO - Lowest sell price for type_id 22782 (Interdiction Sphere Launcher I) in Jita: 4260000.0
2025-06-12 07:02:51,431 - DEBUG - Starting new HTTPS connection (1): esi.evetech.net:443
2025-06-12 07:02:51,454 - DEBUG - https://esi.evetech.net:443 "GET /latest/markets/10000002/orders/?order_type=sell&type_id=60297 HTTP/1.1" 200 1268
2025-06-12 07:02:51,455 - INFO - Lowest sell price for type_id 60297 (Complex Asteroid Mining Crystal Type A I) in Jita: 318900.0
2025-06-12 07:02:51,456 - DEBUG - Starting new HTTPS connection (1): esi.evetech.net:443
2025-06-12 07:02:51,477 - DEBUG - https://esi.evetech.net:443 "GET /latest/markets/10000002/orders/?order_type=sell&type_id=18054 HTTP/1.1" 200 585
2025-06-12 07:02:51,478 - INFO - Lowest sell price for type_id 18054 (Mercoxit Asteroid Mining Crystal Type A I) in Jita: 1049000.0
2025-06-12 07:02:51,479 - DEBUG - Starting new HTTPS connection (1): esi.evetech.net:443
2025-06-12 07:02:51,621 - DEBUG - https://esi.evetech.net:443 "GET /latest/markets/structures/1046831245129/?page=1 HTTP/1.1" 200 None
2025-06-12 07:02:51,651 - DEBUG - https://esi.evetech.net:443 "GET /latest/markets/10000002/orders/?order_type=sell&type_id=11482 HTTP/1.1" 200 332
2025-06-12 07:02:51,652 - INFO - Lowest sell price for type_id 11482 (R.A.M.- Energy Tech) in Jita: 1094.0
2025-06-12 07:02:51,652 - DEBUG - Starting new HTTPS connection (1): esi.evetech.net:443
2025-06-12 07:02:51,656 - DEBUG - https://esi.evetech.net:443 "GET /latest/markets/10000002/orders/?order_type=sell&type_id=60285 HTTP/1.1" 200 1626
2025-06-12 07:02:51,657 - INFO - Lowest sell price for type_id 60285 (Coherent Asteroid Mining Crystal Type A I) in Jita: 92470.0
2025-06-12 07:02:51,659 - DEBUG - Starting new HTTPS connection (1): esi.evetech.net:443
2025-06-12 07:02:51,669 - DEBUG - https://esi.evetech.net:443 "GET /latest/markets/10000002/orders/?order_type=sell&type_id=60313 HTTP/1.1" 200 978
2025-06-12 07:02:51,670 - INFO - Lowest sell price for type_id 60313 (Gas Cloud Harvester I) in Jita: 5768000.0
2025-06-12 07:02:51,671 - DEBUG - Starting new HTTPS connection (1): esi.evetech.net:443
2025-06-12 07:02:51,683 - DEBUG - https://esi.evetech.net:443 "GET /latest/markets/structures/1046831245129/?page=1 HTTP/1.1" 200 None
2025-06-12 07:02:51,702 - DEBUG - https://esi.evetech.net:443 "GET /latest/markets/structures/1046831245129/?page=1 HTTP/1.1" 200 None
2025-06-12 07:02:51,729 - INFO - Fetched page 1 with 1000 orders.
2025-06-12 07:02:51,730 - DEBUG - Starting new HTTPS connection (1): esi.evetech.net:443
2025-06-12 07:02:51,756 - DEBUG - https://esi.evetech.net:443 "GET /latest/markets/10000002/orders/?order_type=sell&type_id=60298 HTTP/1.1" 200 690
2025-06-12 07:02:51,757 - INFO - Lowest sell price for type_id 60298 (Complex Asteroid Mining Crystal Type B I) in Jita: 834700.0
2025-06-12 07:02:51,758 - DEBUG - Starting new HTTPS connection (1): esi.evetech.net:443
2025-06-12 07:02:51,789 - INFO - Fetched page 1 with 1000 orders.
2025-06-12 07:02:51,790 - DEBUG - https://esi.evetech.net:443 "GET /latest/markets/10000002/orders/?order_type=sell&type_id=60279 HTTP/1.1" 200 906
2025-06-12 07:02:51,790 - DEBUG - https://esi.evetech.net:443 "GET /latest/markets/10000002/orders/?order_type=sell&type_id=60292 HTTP/1.1" 200 711
2025-06-12 07:02:51,791 - DEBUG - Starting new HTTPS connection (1): esi.evetech.net:443
2025-06-12 07:02:51,792 - INFO - Lowest sell price for type_id 60279 (Simple Asteroid Mining Crystal Type B I) in Jita: 165000.0
2025-06-12 07:02:51,792 - INFO - Lowest sell price for type_id 60292 (Variegated Asteroid Mining Crystal Type B I) in Jita: 714500.0
2025-06-12 07:02:51,793 - DEBUG - Starting new HTTPS connection (1): esi.evetech.net:443
2025-06-12 07:02:51,793 - DEBUG - Starting new HTTPS connection (1): esi.evetech.net:443
2025-06-12 07:02:51,804 - INFO - Fetched page 1 with 1000 orders.
2025-06-12 07:02:51,805 - DEBUG - Starting new HTTPS connection (1): esi.evetech.net:443
2025-06-12 07:02:51,806 - DEBUG - https://esi.evetech.net:443 "GET /latest/markets/structures/1046831245129/?page=1 HTTP/1.1" 200 None
2025-06-12 07:02:51,909 - INFO - Fetched page 1 with 1000 orders.
2025-06-12 07:02:51,910 - DEBUG - Starting new HTTPS connection (1): esi.evetech.net:443
2025-06-12 07:02:51,970 - DEBUG - https://esi.evetech.net:443 "GET /latest/markets/10000002/orders/?order_type=sell&type_id=12108 HTTP/1.1" 200 941
2025-06-12 07:02:51,971 - INFO - Lowest sell price for type_id 12108 (Deep Core Mining Laser I) in Jita: 1242000.0
2025-06-12 07:02:51,973 - DEBUG - Starting new HTTPS connection (1): esi.evetech.net:443
2025-06-12 07:02:51,993 - DEBUG - https://esi.evetech.net:443 "GET /latest/markets/10000002/orders/?order_type=sell&type_id=23527 HTTP/1.1" 200 1496
2025-06-12 07:02:51,994 - INFO - Lowest sell price for type_id 23527 (Drone Link Augmentor I) in Jita: 603500.0
2025-06-12 07:02:51,995 - DEBUG - Starting new HTTPS connection (1): esi.evetech.net:443
2025-06-12 07:02:52,045 - DEBUG - https://esi.evetech.net:443 "GET /latest/markets/10000002/orders/?order_type=sell&type_id=60291 HTTP/1.1" 200 529
2025-06-12 07:02:52,046 - INFO - Lowest sell price for type_id 60291 (Variegated Asteroid Mining Crystal Type A I) in Jita: 348500.0
2025-06-12 07:02:52,047 - DEBUG - Starting new HTTPS connection (1): esi.evetech.net:443
2025-06-12 07:02:52,102 - DEBUG - https://esi.evetech.net:443 "GET /latest/markets/10000002/orders/?order_type=sell&type_id=60286 HTTP/1.1" 200 604
2025-06-12 07:02:52,103 - INFO - Lowest sell price for type_id 60286 (Coherent Asteroid Mining Crystal Type B I) in Jita: 421500.0
2025-06-12 07:02:52,104 - DEBUG - Starting new HTTPS connection (1): esi.evetech.net:443
2025-06-12 07:02:52,145 - DEBUG - https://esi.evetech.net:443 "GET /latest/markets/10000002/orders/?order_type=sell&type_id=60309 HTTP/1.1" 200 486
2025-06-12 07:02:52,146 - INFO - Lowest sell price for type_id 60309 (Mercoxit Asteroid Mining Crystal Type B I) in Jita: 1270000.0
2025-06-12 07:02:52,147 - DEBUG - Starting new HTTPS connection (1): esi.evetech.net:443
2025-06-12 07:02:52,220 - DEBUG - https://esi.evetech.net:443 "GET /latest/markets/10000002/orders/?order_type=sell&type_id=18608 HTTP/1.1" 200 1156
2025-06-12 07:02:52,221 - INFO - Lowest sell price for type_id 18608 (Mercoxit Asteroid Mining Crystal Type A II) in Jita: 1681000.0
2025-06-12 07:02:52,222 - DEBUG - Starting new HTTPS connection (1): esi.evetech.net:443
2025-06-12 07:02:52,305 - DEBUG - https://esi.evetech.net:443 "GET /latest/markets/10000002/orders/?order_type=sell&type_id=11483 HTTP/1.1" 200 813
2025-06-12 07:02:52,306 - INFO - Lowest sell price for type_id 11483 (R.A.M.- Electronics) in Jita: 1564.0
2025-06-12 07:02:52,307 - DEBUG - Starting new HTTPS connection (1): esi.evetech.net:443
2025-06-12 07:02:52,381 - DEBUG - https://esi.evetech.net:443 "GET /latest/markets/structures/1046831245129/?page=2 HTTP/1.1" 200 None
2025-06-12 07:02:52,382 - DEBUG - https://esi.evetech.net:443 "GET /latest/markets/10000002/orders/?order_type=sell&type_id=18068 HTTP/1.1" 200 1308
2025-06-12 07:02:52,383 - INFO - Lowest sell price for type_id 18068 (Modulated Deep Core Miner II) in Jita: 2879000.0
2025-06-12 07:02:52,384 - DEBUG - Starting new HTTPS connection (1): esi.evetech.net:443
2025-06-12 07:02:52,390 - DEBUG - https://esi.evetech.net:443 "GET /latest/markets/10000002/orders/?order_type=sell&type_id=60300 HTTP/1.1" 200 643
2025-06-12 07:02:52,391 - INFO - Lowest sell price for type_id 60300 (Complex Asteroid Mining Crystal Type A II) in Jita: 720700.0
2025-06-12 07:02:52,392 - DEBUG - Starting new HTTPS connection (1): esi.evetech.net:443
2025-06-12 07:02:52,435 - DEBUG - https://esi.evetech.net:443 "GET /latest/markets/structures/1046831245129/?page=2 HTTP/1.1" 200 None
2025-06-12 07:02:52,441 - DEBUG - https://esi.evetech.net:443 "GET /latest/markets/structures/1046831245129/?page=2 HTTP/1.1" 200 None
2025-06-12 07:02:52,483 - INFO - Fetched page 2 with 1000 orders.
2025-06-12 07:02:52,484 - DEBUG - Starting new HTTPS connection (1): esi.evetech.net:443
2025-06-12 07:02:52,544 - INFO - Fetched page 2 with 1000 orders.
2025-06-12 07:02:52,546 - INFO - Fetched page 2 with 1000 orders.
2025-06-12 07:02:52,547 - DEBUG - Starting new HTTPS connection (1): esi.evetech.net:443
2025-06-12 07:02:52,547 - DEBUG - Starting new HTTPS connection (1): esi.evetech.net:443
2025-06-12 07:02:52,550 - DEBUG - https://esi.evetech.net:443 "GET /latest/markets/structures/1046831245129/?page=2 HTTP/1.1" 200 None
2025-06-12 07:02:52,553 - DEBUG - https://esi.evetech.net:443 "GET /latest/markets/10000002/orders/?order_type=sell&type_id=60314 HTTP/1.1" 200 993
2025-06-12 07:02:52,553 - INFO - Lowest sell price for type_id 60314 (Gas Cloud Harvester II) in Jita: 9789000.0
2025-06-12 07:02:52,554 - DEBUG - Starting new HTTPS connection (1): esi.evetech.net:443
2025-06-12 07:02:52,559 - DEBUG - https://esi.evetech.net:443 "GET /latest/markets/10000002/orders/?order_type=sell&type_id=60301 HTTP/1.1" 200 751
2025-06-12 07:02:52,560 - INFO - Lowest sell price for type_id 60301 (Complex Asteroid Mining Crystal Type B II) in Jita: 2205000.0
2025-06-12 07:02:52,561 - DEBUG - Starting new HTTPS connection (1): esi.evetech.net:443
2025-06-12 07:02:52,659 - INFO - Fetched page 2 with 1000 orders.
2025-06-12 07:02:52,660 - DEBUG - Starting new HTTPS connection (1): esi.evetech.net:443
2025-06-12 07:02:52,667 - DEBUG - https://esi.evetech.net:443 "GET /latest/markets/10000002/orders/?order_type=sell&type_id=60295 HTTP/1.1" 200 410
2025-06-12 07:02:52,668 - INFO - Lowest sell price for type_id 60295 (Variegated Asteroid Mining Crystal Type B II) in Jita: 2212000.0
2025-06-12 07:02:52,708 - DEBUG - https://esi.evetech.net:443 "GET /latest/markets/10000002/orders/?order_type=sell&type_id=60283 HTTP/1.1" 200 711
2025-06-12 07:02:52,709 - INFO - Lowest sell price for type_id 60283 (Simple Asteroid Mining Crystal Type B II) in Jita: 761400.0
2025-06-12 07:02:52,720 - DEBUG - https://esi.evetech.net:443 "GET /latest/markets/10000002/orders/?order_type=sell&type_id=60281 HTTP/1.1" 200 961
2025-06-12 07:02:52,721 - INFO - Lowest sell price for type_id 60281 (Simple Asteroid Mining Crystal Type A II) in Jita: 240800.0
2025-06-12 07:02:52,787 - DEBUG - https://esi.evetech.net:443 "GET /latest/markets/10000002/orders/?order_type=sell&type_id=60294 HTTP/1.1" 200 998
2025-06-12 07:02:52,788 - INFO - Lowest sell price for type_id 60294 (Variegated Asteroid Mining Crystal Type A II) in Jita: 678600.0
2025-06-12 07:02:52,951 - DEBUG - https://esi.evetech.net:443 "GET /latest/markets/10000002/orders/?order_type=sell&type_id=60288 HTTP/1.1" 200 403
2025-06-12 07:02:52,952 - INFO - Lowest sell price for type_id 60288 (Coherent Asteroid Mining Crystal Type A II) in Jita: 285900.0
2025-06-12 07:02:52,961 - DEBUG - https://esi.evetech.net:443 "GET /latest/markets/10000002/orders/?order_type=sell&type_id=60289 HTTP/1.1" 200 404
2025-06-12 07:02:52,962 - INFO - Lowest sell price for type_id 60289 (Coherent Asteroid Mining Crystal Type B II) in Jita: 1602000.0
2025-06-12 07:02:53,127 - DEBUG - https://esi.evetech.net:443 "GET /latest/markets/structures/1046831245129/?page=3 HTTP/1.1" 200 None
2025-06-12 07:02:53,171 - DEBUG - https://esi.evetech.net:443 "GET /latest/markets/structures/1046831245129/?page=3 HTTP/1.1" 200 None
2025-06-12 07:02:53,228 - INFO - Fetched page 3 with 1000 orders.
2025-06-12 07:02:53,229 - DEBUG - Starting new HTTPS connection (1): esi.evetech.net:443
2025-06-12 07:02:53,277 - INFO - Fetched page 3 with 1000 orders.
2025-06-12 07:02:53,278 - DEBUG - Starting new HTTPS connection (1): esi.evetech.net:443
2025-06-12 07:02:53,355 - DEBUG - https://esi.evetech.net:443 "GET /latest/markets/structures/1046831245129/?page=3 HTTP/1.1" 200 None
2025-06-12 07:02:53,461 - INFO - Fetched page 3 with 1000 orders.
2025-06-12 07:02:53,462 - DEBUG - Starting new HTTPS connection (1): esi.evetech.net:443
2025-06-12 07:02:53,471 - DEBUG - https://esi.evetech.net:443 "GET /latest/markets/structures/1046831245129/?page=3 HTTP/1.1" 200 None
2025-06-12 07:02:53,578 - INFO - Fetched page 3 with 1000 orders.
2025-06-12 07:02:53,579 - DEBUG - Starting new HTTPS connection (1): esi.evetech.net:443
2025-06-12 07:02:53,916 - DEBUG - https://esi.evetech.net:443 "GET /latest/markets/structures/1046831245129/?page=4 HTTP/1.1" 200 None
2025-06-12 07:02:53,992 - DEBUG - https://esi.evetech.net:443 "GET /latest/markets/structures/1046831245129/?page=4 HTTP/1.1" 200 None
2025-06-12 07:02:54,008 - DEBUG - https://esi.evetech.net:443 "GET /latest/markets/structures/1046831245129/?page=4 HTTP/1.1" 200 None
2025-06-12 07:02:54,025 - INFO - Fetched page 4 with 1000 orders.
2025-06-12 07:02:54,026 - DEBUG - Starting new HTTPS connection (1): esi.evetech.net:443
2025-06-12 07:02:54,098 - INFO - Fetched page 4 with 1000 orders.
2025-06-12 07:02:54,099 - DEBUG - Starting new HTTPS connection (1): esi.evetech.net:443
2025-06-12 07:02:54,114 - INFO - Fetched page 4 with 1000 orders.
2025-06-12 07:02:54,115 - DEBUG - Starting new HTTPS connection (1): esi.evetech.net:443
2025-06-12 07:02:54,257 - DEBUG - https://esi.evetech.net:443 "GET /latest/markets/structures/1046831245129/?page=4 HTTP/1.1" 200 None
2025-06-12 07:02:54,359 - INFO - Fetched page 4 with 1000 orders.
2025-06-12 07:02:54,360 - DEBUG - Starting new HTTPS connection (1): esi.evetech.net:443
2025-06-12 07:02:54,689 - DEBUG - https://esi.evetech.net:443 "GET /latest/markets/structures/1046831245129/?page=5 HTTP/1.1" 200 None
2025-06-12 07:02:54,732 - DEBUG - https://esi.evetech.net:443 "GET /latest/markets/structures/1046831245129/?page=5 HTTP/1.1" 200 None
2025-06-12 07:02:54,770 - DEBUG - https://esi.evetech.net:443 "GET /latest/markets/structures/1046831245129/?page=5 HTTP/1.1" 200 None
2025-06-12 07:02:54,795 - INFO - Fetched page 5 with 1000 orders.
2025-06-12 07:02:54,796 - DEBUG - Starting new HTTPS connection (1): esi.evetech.net:443
2025-06-12 07:02:54,833 - INFO - Fetched page 5 with 1000 orders.
2025-06-12 07:02:54,834 - DEBUG - Starting new HTTPS connection (1): esi.evetech.net:443
2025-06-12 07:02:54,871 - INFO - Fetched page 5 with 1000 orders.
2025-06-12 07:02:54,872 - DEBUG - Starting new HTTPS connection (1): esi.evetech.net:443
2025-06-12 07:02:55,049 - DEBUG - https://esi.evetech.net:443 "GET /latest/markets/structures/1046831245129/?page=5 HTTP/1.1" 200 None
2025-06-12 07:02:55,152 - INFO - Fetched page 5 with 1000 orders.
2025-06-12 07:02:55,154 - DEBUG - Starting new HTTPS connection (1): esi.evetech.net:443
2025-06-12 07:02:55,231 - DEBUG - https://esi.evetech.net:443 "GET /latest/markets/structures/1046831245129/?page=6 HTTP/1.1" 200 None
2025-06-12 07:02:55,232 - INFO - Fetched page 6 with 104 orders.
2025-06-12 07:02:55,233 - INFO - Lowest sell price for type_id 62622 at structure 1046831245129: 25550000.0
2025-06-12 07:02:55,275 - DEBUG - https://esi.evetech.net:443 "GET /latest/markets/structures/1046831245129/?page=6 HTTP/1.1" 200 None
2025-06-12 07:02:55,276 - INFO - Fetched page 6 with 104 orders.
2025-06-12 07:02:55,276 - WARNING - No sell orders for type_id 62625 at structure 1046831245129
2025-06-12 07:02:55,277 - DEBUG - Starting new HTTPS connection (1): esi.evetech.net:443
2025-06-12 07:02:55,321 - DEBUG - https://esi.evetech.net:443 "GET /latest/markets/structures/1046831245129/?page=6 HTTP/1.1" 200 None
2025-06-12 07:02:55,322 - INFO - Fetched page 6 with 104 orders.
2025-06-12 07:02:55,323 - INFO - Lowest sell price for type_id 52694 at structure 1046831245129: 9485000.0
2025-06-12 07:02:55,534 - DEBUG - https://esi.evetech.net:443 "GET /latest/markets/structures/1046831245129/?page=6 HTTP/1.1" 200 None
2025-06-12 07:02:55,535 - INFO - Fetched page 6 with 104 orders.
2025-06-12 07:02:55,535 - INFO - Lowest sell price for type_id 28646 at structure 1046831245129: 15750000.0
2025-06-12 07:02:55,604 - DEBUG - https://esi.evetech.net:443 "GET /latest/markets/10000002/orders/?order_type=sell&type_id=62625 HTTP/1.1" 200 546
2025-06-12 07:02:55,605 - INFO - Lowest sell price for type_id 62625 (Large Asteroid Ore Compressor I) in Jita: 30570000.0
2025-06-12 07:02:55,614 - WARNING - No price for material Datacore - High Energy Physics (type_id: None) in blueprint Mercoxit Asteroid Mining Crystal Type A II
2025-06-12 07:02:55,614 - WARNING - No price for material Datacore - Laser Physics (type_id: None) in blueprint Mercoxit Asteroid Mining Crystal Type A II
2025-06-12 07:02:55,614 - WARNING - No price for material Datacore - High Energy Physics (type_id: None) in blueprint Complex Asteroid Mining Crystal Type A II
2025-06-12 07:02:55,614 - WARNING - No price for material Datacore - Laser Physics (type_id: None) in blueprint Complex Asteroid Mining Crystal Type A II
2025-06-12 07:02:55,615 - WARNING - No price for material Datacore - Laser Physics (type_id: None) in blueprint Modulated Deep Core Miner II
2025-06-12 07:02:55,615 - WARNING - No price for material Datacore - Mechanical Engineering (type_id: None) in blueprint Modulated Deep Core Miner II
2025-06-12 07:02:55,615 - WARNING - No price for material Datacore - Laser Physics (type_id: None) in blueprint Gas Cloud Harvester II
2025-06-12 07:02:55,616 - WARNING - No price for material Datacore - Mechanical Engineering (type_id: None) in blueprint Gas Cloud Harvester II
2025-06-12 07:02:55,616 - WARNING - No price for material Datacore - High Energy Physics (type_id: None) in blueprint Complex Asteroid Mining Crystal Type B II
2025-06-12 07:02:55,616 - WARNING - No price for material Datacore - Laser Physics (type_id: None) in blueprint Complex Asteroid Mining Crystal Type B II
2025-06-12 07:02:55,616 - WARNING - No price for material Datacore - High Energy Physics (type_id: None) in blueprint Variegated Asteroid Mining Crystal Type B II
2025-06-12 07:02:55,616 - WARNING - No price for material Datacore - Laser Physics (type_id: None) in blueprint Variegated Asteroid Mining Crystal Type B II
2025-06-12 07:02:55,617 - WARNING - No price for material Datacore - High Energy Physics (type_id: None) in blueprint Simple Asteroid Mining Crystal Type B II
2025-06-12 07:02:55,617 - WARNING - No price for material Datacore - Laser Physics (type_id: None) in blueprint Simple Asteroid Mining Crystal Type B II
2025-06-12 07:02:55,617 - WARNING - No price for material Datacore - High Energy Physics (type_id: None) in blueprint Variegated Asteroid Mining Crystal Type A II
2025-06-12 07:02:55,617 - WARNING - No price for material Datacore - Laser Physics (type_id: None) in blueprint Variegated Asteroid Mining Crystal Type A II
2025-06-12 07:02:55,618 - WARNING - No price for material Datacore - High Energy Physics (type_id: None) in blueprint Simple Asteroid Mining Crystal Type A II
2025-06-12 07:02:55,618 - WARNING - No price for material Datacore - Laser Physics (type_id: None) in blueprint Simple Asteroid Mining Crystal Type A II
2025-06-12 07:02:55,618 - WARNING - No price for material Datacore - High Energy Physics (type_id: None) in blueprint Coherent Asteroid Mining Crystal Type A II
2025-06-12 07:02:55,618 - WARNING - No price for material Datacore - Laser Physics (type_id: None) in blueprint Coherent Asteroid Mining Crystal Type A II
2025-06-12 07:02:55,618 - WARNING - No price for material Datacore - High Energy Physics (type_id: None) in blueprint Coherent Asteroid Mining Crystal Type B II
2025-06-12 07:02:55,619 - WARNING - No price for material Datacore - Laser Physics (type_id: None) in blueprint Coherent Asteroid Mining Crystal Type B II
2025-06-12 07:02:55,647 - INFO - Blueprints retrieved successfully
2025-06-12 07:02:55,647 - INFO - Materials retrieved successfully
2025-06-12 07:05:33,898 - DEBUG - c:\Users\nario\Documents\Coding Stuff\Eve-Code\ManuOptimizer\.venv\Lib\site-packages\pulp\apis\../solverdir/cbc/win/i64/cbc.exe C:\Users\nario\AppData\Local\Temp\4591c7b9113a4293b8eefffdf56ce9c7-pulp.mps -max -timeMode elapsed -branch -printingOptions all -solution C:\Users\nario\AppData\Local\Temp\4591c7b9113a4293b8eefffdf56ce9c7-pulp.sol 
2025-06-12 07:05:34,029 - INFO - Optimization Status: Optimal
2025-06-12 07:05:34,040 - INFO - Optimization completed successfully
2025-06-12 07:05:34,041 - INFO - Results: {'status': 'Optimal', 'total_profit': 1608673500.0, 'what_to_produce': {'Medium Asteroid Ore Compressor I': 15, 'Small Tractor Beam I': 0, 'Bastion Module I': 0, 'Defender Launcher I': 1, 'Covert Cynosural Field Generator I': 0, 'Industrial Cynosural Field Generator': 0, 'Interdiction Sphere Launcher I': 0, 'Large Asteroid Ore Compressor I': 0, 'Complex Asteroid Mining Crystal Type A I': 0, 'Mercoxit Asteroid Mining Crystal Type A I': 0, 'Coherent Asteroid Mining Crystal Type A I': 0, 'R.A.M.- Energy Tech': 0, 'Gas Cloud Harvester I': 0, 'Complex Asteroid Mining Crystal Type B I': 0, 'Variegated Asteroid Mining Crystal Type B I': 71, 'Simple Asteroid Mining Crystal Type B I': 1, 'Variegated Asteroid Mining Crystal Type A I': 0, 'Deep Core Mining Laser I': 69, 'Drone Link Augmentor I': 105, 'Mercoxit Asteroid Mining Crystal Type B I': 0, 'Coherent Asteroid Mining Crystal Type B I': 1, 'Mercoxit Asteroid Mining Crystal Type A II': 0, 'Complex Asteroid Mining Crystal Type A II': 0, 'R.A.M.- Electronics': 0, 'Modulated Deep Core Miner II': 0, 'Gas Cloud Harvester II': 14, 'Complex Asteroid Mining Crystal Type B II': 0, 'Variegated Asteroid Mining Crystal Type B II': 0, 'Simple Asteroid Mining Crystal Type B II': 0, 'Variegated Asteroid Mining Crystal Type A II': 0, 'Simple Asteroid Mining Crystal Type A II': 0, 'Coherent Asteroid Mining Crystal Type A II': 0, 'Coherent Asteroid Mining Crystal Type B II': 548}, 'material_usage': {'Pyerite': {'used': 1440259, 'remaining': 7346526, 'category': 'Minerals'}, 'Tritanium': {'used': 2012667, 'remaining': 19506499, 'category': 'Minerals'}, 'Mexallon': {'used': 405400, 'remaining': 1606625, 'category': 'Minerals'}, 'Isogen': {'used': 232839, 'remaining': 63966, 'category': 'Minerals'}, 'Nocxium': {'used': 45333, 'remaining': 174261, 'category': 'Minerals'}, 'Zydrine': {'used': 17097, 'remaining': 3659, 'category': 'Minerals'}, 'Megacyte': {'used': 8919, 'remaining': 5978, 'category': 'Minerals'}, 'Hypersynaptic Fibers': {'used': 9864, 'remaining': 5, 'category': 'Reaction materials'}, 'Electronic Parts': {'used': 627, 'remaining': 2421, 'category': 'Items'}, 'Photon Microprocessor': {'used': 322, 'remaining': 1427, 'category': 'Components'}, 'Laser Focusing Crystals': {'used': 0, 'remaining': 8748, 'category': 'Components'}, 'R.A.M.- Energy Tech': {'used': 14, 'remaining': 24057, 'category': 'Items'}, 'Datacore - Laser Physics': {'used': 2220, 'remaining': -720, 'category': 'Invention Materials'}, 'Morphite': {'used': 210, 'remaining': 8533, 'category': 'Minerals'}, 'Datacore - Mechanical Engineering': {'used': 28, 'remaining': 772, 'category': 'Invention Materials'}, 'Mechanical Parts': {'used': 558, 'remaining': 696, 'category': 'Minerals'}, 'Gas Cloud Harvester I': {'used': 14, 'remaining': -14, 'category': 'Items'}, 'Drone Link Augmentor I': {'used': 0, 'remaining': 84, 'category': 'Other(Likely Unused or other Built Components)'}, 'Datacore - High Energy Physics': {'used': 2192, 'remaining': -1192, 'category': 'Invention Materials'}, 'Transmitter': {'used': 0, 'remaining': 1497, 'category': 'Other(Likely Unused or other Built Components)'}, 'R.A.M.- Electronics': {'used': 548, 'remaining': 52354, 'category': 'Items'}, 'Mercoxit Asteroid Mining Crystal Type A I': {'used': 0, 'remaining': 0, 'category': 'Items'}, 'Complex Asteroid Mining Crystal Type A I': {'used': 0, 'remaining': 0, 'category': 'Items'}, 'Particle Accelerator Unit': {'used': 0, 'remaining': 52, 'category': 'Other(Likely Unused or other Built Components)'}, 'Simple Asteroid Mining Crystal Type B I': {'used': 0, 'remaining': 0, 'category': 'Items'}, 'Variegated Asteroid Mining Crystal Type A I': {'used': 0, 'remaining': 0, 'category': 'Items'}, 'Deep Core Mining Laser I': {'used': 0, 'remaining': 132, 'category': 'Items'}, 'Complex Asteroid Mining Crystal Type B I': {'used': 0, 'remaining': 0, 'category': 'Items'}, 'Variegated Asteroid Mining Crystal Type B I': {'used': 0, 'remaining': 0, 'category': 'Items'}, 'Simple Asteroid Mining Crystal Type A I': {'used': 0, 'remaining': 0, 'category': 'Items'}, 'Coherent Asteroid Mining Crystal Type B I': {'used': 548, 'remaining': -548, 'category': 'Items'}, 'Coherent Asteroid Mining Crystal Type A I': {'used': 0, 'remaining': 0, 'category': 'Items'}}, 'true_profit': 828063085.15, 'dependencies_needed': {'Gas Cloud Harvester I': 14, 'R.A.M.- Energy Tech': 14, 'R.A.M.- Electronics': 548, 'Coherent Asteroid Mining Crystal Type B I': 548}}
2025-06-12 07:05:34,058 - INFO - Materials retrieved successfully
2025-06-12 07:05:34,079 - INFO - Blueprints retrieved successfully
